<?xml version="1.0" encoding="UTF-8"?>
<testsuite xmlns:xsi="http://www.w3.org/2001/XMLSchema-instance" xsi:noNamespaceSchemaLocation="https://maven.apache.org/surefire/maven-surefire-plugin/xsd/surefire-test-report-3.0.xsd" version="3.0" name="CucumberOptions.TestNGRunner" time="10.447" tests="1" errors="0" skipped="0" failures="0">
  <properties>
[...]
</properties>
  <testcase name="runScenario[&quot;Admin page login&quot;, &quot;Application login.&quot;](1)" classname="CucumberOptions.TestNGRunner" time="9.11">
    <system-out><![CDATA[
@smoketest
Scenario: Admin page login                                                                 # src/test/java/Features/actualstart.feature:8
this is befor to smoketest ************** 
  Given Clear the data At start                                                            # stepDefinitions.mainSteps.clear_the_dataAtStart()
Launch the URL
  Then launch URl At start                                                                 # stepDefinitions.mainSteps.launch_u_rlAtstat()
Cool given
  Given The user is on the login page                                                      # stepDefinitions.mainSteps.The_user_is_on_the_login_page()
9090cool and cool9090
  When The user added correct username "9090cool" and password "cool9090" clicked on login # stepDefinitions.mainSteps.the_user_added_correct_username_and_password_clicked_on_login(java.lang.String,java.lang.String)
Cool then
  Then Home page is displyed                                                               # stepDefinitions.mainSteps.Homepageisdisplyed()
Cool and
  And the cards are visible                                                                # stepDefinitions.mainSteps.thecardsarevisible()
this is after to smoketest ************** 
]]></system-out>
    <system-err><![CDATA[SLF4J: Failed to load class "org.slf4j.impl.StaticLoggerBinder".
SLF4J: Defaulting to no-operation (NOP) logger implementation
SLF4J: See http://www.slf4j.org/codes.html#StaticLoggerBinder for further details.
]]></system-err>
  </testcase>
</testsuite>